[19:21:00] [main/INFO] (FabricLoader/GameProvider) Loading Minecraft 1.21.4 with Fabric Loader 0.16.14
[19:21:00] [main/INFO] (FabricLoader) Loading 55 mods:
	- bullet-time-mod 1.0-SNAPSHOT
	- fabric-api 0.119.2+1.21.4
	- fabric-api-base 0.4.54+b47eab6b04
	- fabric-api-lookup-api-v1 1.6.86+b1caf1e904
	- fabric-biome-api-v1 15.0.6+b1c29d8e04
	- fabric-block-api-v1 1.0.31+7feeb73304
	- fabric-block-view-api-v2 1.0.20+9c49cc8c04
	- fabric-blockrenderlayer-v1 2.0.8+7feeb73304
	- fabric-client-gametest-api-v1 4.1.1+6816ccd404
	- fabric-client-tags-api-v1 1.1.29+20ea1e2304
	- fabric-command-api-v1 1.2.62+f71b366f04
	- fabric-command-api-v2 2.2.41+e496eb1504
	- fabric-commands-v0 0.2.79+df3654b304
	- fabric-content-registries-v0 9.1.19+25d1a67604
	- fabric-convention-tags-v1 2.1.20+7f945d5b04
	- fabric-convention-tags-v2 2.14.1+1edcd29104
	- fabric-crash-report-info-v1 0.3.6+7feeb73304
	- fabric-data-attachment-api-v1 1.6.2+e99da0f704
	- fabric-data-generation-api-v1 22.3.1+0f4e5f5504
	- fabric-dimensions-v1 4.0.10+7feeb73304
	- fabric-entity-events-v1 2.0.15+62245bef04
	- fabric-events-interaction-v0 4.0.4+a4eebcf004
	- fabric-game-rule-api-v1 1.0.63+7d48d43904
	- fabric-gametest-api-v1 2.0.26+7feeb73304
	- fabric-item-api-v1 11.3.0+ee91fa1f04
	- fabric-item-group-api-v1 4.2.2+fcb9601404
	- fabric-key-binding-api-v1 1.0.57+7d48d43904
	- fabric-keybindings-v0 0.2.55+df3654b304
	- fabric-lifecycle-events-v1 2.5.4+bf2a60eb04
	- fabric-loot-api-v2 3.0.38+3f89f5a504
	- fabric-loot-api-v3 1.0.26+203e6b2304
	- fabric-message-api-v1 6.0.25+7feeb73304
	- fabric-model-loading-api-v1 4.3.0+ae23723504
	- fabric-networking-api-v1 4.4.0+db5e668204
	- fabric-object-builder-api-v1 18.0.14+38b0d59804
	- fabric-particles-v1 4.0.14+7feeb73304
	- fabric-recipe-api-v1 8.1.1+640e77ae04
	- fabric-registry-sync-v0 6.1.11+4a9c1ece04
	- fabric-renderer-api-v1 5.0.3+50f0feb204
	- fabric-renderer-indigo 2.0.3+50f0feb204
	- fabric-rendering-data-attachment-v1 0.3.58+73761d2e04
	- fabric-rendering-fluids-v1 3.1.19+7feeb73304
	- fabric-rendering-v1 10.2.1+0d31b09f04
	- fabric-resource-conditions-api-v1 5.0.13+203e6b2304
	- fabric-resource-loader-v0 3.1.1+360374ac04
	- fabric-screen-api-v1 2.0.38+7feeb73304
	- fabric-screen-handler-api-v1 1.3.118+7feeb73304
	- fabric-sound-api-v1 1.0.32+7feeb73304
	- fabric-tag-api-v1 1.0.7+7d48d43904
	- fabric-transfer-api-v1 5.4.9+efa825c904
	- fabric-transitive-access-wideners-v1 6.3.2+56e78b9b04
	- fabricloader 0.16.14
	- java 21
	- minecraft 1.21.4
	- mixinextras 0.4.1
[19:21:00] [main/INFO] (FabricLoader/Mixin) SpongePowered MIXIN Subsystem Version=0.8.7 Source=file:/C:/Gradle/gradle-8.14/caches/modules-2/files-2.1/net.fabricmc/sponge-mixin/0.15.5+mixin.0.8.7/22f9eb729e216a091673a574a5906dc1b9027fb3/sponge-mixin-0.15.5+mixin.0.8.7.jar Service=Knot/Fabric Env=CLIENT
[19:21:00] [main/INFO] (FabricLoader/Mixin) Loaded Fabric development mappings for mixin remapper!
[19:21:00] [main/INFO] (FabricLoader/Mixin) Compatibility level set to JAVA_21
[19:21:02] [main/INFO] (FabricLoader/MixinExtras|Service) Initializing MixinExtras via com.llamalad7.mixinextras.service.MixinExtrasServiceImpl(version=0.4.1).
[19:21:04] [Datafixer Bootstrap/INFO] (Minecraft) 243 Datafixer optimizations took 591 milliseconds
[19:21:13] [Render thread/INFO] (Minecraft) Environment: Environment[sessionHost=https://sessionserver.mojang.com, servicesHost=https://api.minecraftservices.com, name=PROD]
[19:21:13] [Render thread/INFO] (Minecraft) Setting user: Player912
[19:21:13] [Render thread/INFO] (bullet-time-mod) Registering bullet-time-mod Sound
[19:21:14] [Render thread/INFO] (bullet-time-mod) Registering bullet-time-mod Sound
[19:21:14] [Render thread/INFO] (Indigo) [Indigo] Registering Indigo renderer!
[19:21:14] [Render thread/INFO] (Minecraft) Backend library: LWJGL version 3.3.3-snapshot
[19:21:17] [Render thread/INFO] (Minecraft) Reloading ResourceManager: vanilla, fabric, bullet-time-mod, fabric-api, fabric-api-base, fabric-api-lookup-api-v1, fabric-biome-api-v1, fabric-block-api-v1, fabric-block-view-api-v2, fabric-blockrenderlayer-v1, fabric-client-gametest-api-v1, fabric-client-tags-api-v1, fabric-command-api-v1, fabric-command-api-v2, fabric-commands-v0, fabric-content-registries-v0, fabric-convention-tags-v1, fabric-convention-tags-v2, fabric-crash-report-info-v1, fabric-data-attachment-api-v1, fabric-data-generation-api-v1, fabric-dimensions-v1, fabric-entity-events-v1, fabric-events-interaction-v0, fabric-game-rule-api-v1, fabric-gametest-api-v1, fabric-item-api-v1, fabric-item-group-api-v1, fabric-key-binding-api-v1, fabric-keybindings-v0, fabric-lifecycle-events-v1, fabric-loot-api-v2, fabric-loot-api-v3, fabric-message-api-v1, fabric-model-loading-api-v1, fabric-networking-api-v1, fabric-object-builder-api-v1, fabric-particles-v1, fabric-recipe-api-v1, fabric-registry-sync-v0, fabric-renderer-api-v1, fabric-renderer-indigo, fabric-rendering-data-attachment-v1, fabric-rendering-fluids-v1, fabric-rendering-v1, fabric-resource-conditions-api-v1, fabric-resource-loader-v0, fabric-screen-api-v1, fabric-screen-handler-api-v1, fabric-sound-api-v1, fabric-tag-api-v1, fabric-transfer-api-v1, fabric-transitive-access-wideners-v1, fabricloader
[19:21:18] [Worker-Main-10/INFO] (Minecraft) Found unifont_jp_patch-16.0.01.hex, loading
[19:21:18] [Worker-Main-7/INFO] (Minecraft) Found unifont_all_no_pua-16.0.01.hex, loading
[19:21:18] [Worker-Main-9/WARN] (Minecraft) File bullettimemod:sounds/bullet_time_enter.ogg does not exist, cannot add it to event bullet-time-mod:bullet_time_enter
[19:21:18] [Worker-Main-9/WARN] (Minecraft) File minecraft:sounds/bullettimemod.bullet_time_leave.ogg does not exist, cannot add it to event bullet-time-mod:bullet_time_leave
[19:21:20] [Render thread/INFO] (Minecraft) OpenAL initialized on device OpenAL Soft on Lautsprecher (Realtek(R) Audio)
[19:21:20] [Render thread/INFO] (Minecraft) Sound engine started
[19:21:20] [Render thread/INFO] (Minecraft) Created: 1024x512x4 minecraft:textures/atlas/blocks.png-atlas
[19:21:20] [Render thread/INFO] (Minecraft) Created: 256x256x4 minecraft:textures/atlas/signs.png-atlas
[19:21:20] [Render thread/INFO] (Minecraft) Created: 512x512x4 minecraft:textures/atlas/banner_patterns.png-atlas
[19:21:20] [Render thread/INFO] (Minecraft) Created: 512x512x4 minecraft:textures/atlas/shield_patterns.png-atlas
[19:21:20] [Render thread/INFO] (Minecraft) Created: 2048x1024x4 minecraft:textures/atlas/armor_trims.png-atlas
[19:21:20] [Render thread/INFO] (Minecraft) Created: 256x256x4 minecraft:textures/atlas/chest.png-atlas
[19:21:20] [Render thread/INFO] (Minecraft) Created: 128x64x4 minecraft:textures/atlas/decorated_pot.png-atlas
[19:21:20] [Render thread/INFO] (Minecraft) Created: 512x256x4 minecraft:textures/atlas/beds.png-atlas
[19:21:20] [Render thread/INFO] (Minecraft) Created: 512x256x4 minecraft:textures/atlas/shulker_boxes.png-atlas
[19:21:20] [Render thread/INFO] (Minecraft) Created: 64x64x0 minecraft:textures/atlas/map_decorations.png-atlas
[19:21:20] [Render thread/INFO] (Minecraft) Created: 512x256x0 minecraft:textures/atlas/particles.png-atlas
[19:21:20] [Render thread/INFO] (Minecraft) Created: 512x256x0 minecraft:textures/atlas/paintings.png-atlas
[19:21:20] [Render thread/INFO] (Minecraft) Created: 256x128x0 minecraft:textures/atlas/mob_effects.png-atlas
[19:21:20] [Render thread/INFO] (Minecraft) Created: 1024x512x0 minecraft:textures/atlas/gui.png-atlas
[19:21:27] [Render thread/INFO] (Minecraft) Loaded 1370 recipes
[19:21:27] [Render thread/INFO] (Minecraft) Loaded 1481 advancements
[19:22:04] [Render thread/INFO] (BiomeModificationImpl) Applied 0 biome modifications to 0 of 71 new biomes in 1.740 ms
[19:22:04] [Server thread/INFO] (Minecraft) Starting integrated minecraft server version 1.21.4
[19:22:04] [Server thread/INFO] (Minecraft) Generating keypair
[19:22:05] [Server thread/INFO] (Minecraft) Preparing start region for dimension minecraft:overworld
[19:22:05] [Render thread/INFO] (Minecraft) Preparing spawn area: 0%
[19:22:05] [Render thread/INFO] (Minecraft) Preparing spawn area: 0%
[19:22:06] [Render thread/INFO] (Minecraft) Preparing spawn area: 93%
[19:22:06] [Render thread/INFO] (Minecraft) Time elapsed: 1085 ms
[19:22:06] [Server thread/INFO] (Minecraft) Changing view distance to 32, from 10
[19:22:06] [Server thread/INFO] (Minecraft) Changing simulation distance to 12, from 0
[19:22:08] [Server thread/INFO] (Minecraft) Player912[local:E:82c0fc5f] logged in with entity id 177 at (4193.073301972794, 118.78889474105145, 5575.844892037412)
[19:22:09] [Server thread/INFO] (Minecraft) Player912 joined the game
[19:22:13] [Render thread/INFO] (Minecraft) Loaded 3 advancements
[19:22:23] [Render thread/WARN] (Minecraft) Unable to play empty soundEvent: bullet-time-mod:bullet_time_enter
[19:22:23] [Render thread/WARN] (Minecraft) Unable to play empty soundEvent: bullet-time-mod:bullet_time_leave
[19:22:28] [Render thread/INFO] (Minecraft) Stopping!
[19:22:28] [Server thread/INFO] (Minecraft) Player912 lost connection: Disconnected
[19:22:28] [Server thread/INFO] (Minecraft) Player912 left the game
[19:22:28] [Server thread/INFO] (Minecraft) Stopping singleplayer server as player logged out
[19:22:28] [Server thread/INFO] (Minecraft) Stopping server
[19:22:28] [Server thread/INFO] (Minecraft) Saving players
[19:22:28] [Server thread/INFO] (Minecraft) Saving worlds
[19:22:29] [Server thread/INFO] (Minecraft) Saving chunks for level 'ServerLevel[botwproject]'/minecraft:overworld
[19:22:44] [Server thread/INFO] (Minecraft) Saving chunks for level 'ServerLevel[botwproject]'/minecraft:the_end
[19:22:44] [Server thread/INFO] (Minecraft) Saving chunks for level 'ServerLevel[botwproject]'/minecraft:the_nether
[19:22:44] [Server thread/INFO] (Minecraft) ThreadedAnvilChunkStorage (Botw Map): All chunks are saved
[19:22:44] [Server thread/INFO] (Minecraft) ThreadedAnvilChunkStorage (DIM1): All chunks are saved
[19:22:44] [Server thread/INFO] (Minecraft) ThreadedAnvilChunkStorage (DIM-1): All chunks are saved
[19:22:44] [Server thread/INFO] (Minecraft) ThreadedAnvilChunkStorage: All dimensions are saved
